{"C:\\codes\\sps-treinamentos\\ci-cd\\cicd-basic\\src\\services\\hello.js": {"path":"C:\\codes\\sps-treinamentos\\ci-cd\\cicd-basic\\src\\services\\hello.js","all":false,"statementMap":{"0":{"start":{"line":1,"column":0},"end":{"line":1,"column":30}},"1":{"start":{"line":2,"column":0},"end":{"line":2,"column":43}},"2":{"start":{"line":3,"column":0},"end":{"line":3,"column":1}},"3":{"start":{"line":4,"column":0},"end":{"line":4,"column":0}},"4":{"start":{"line":5,"column":0},"end":{"line":5,"column":30}}},"s":{"0":2,"1":2,"2":2,"3":1,"4":1},"branchMap":{"0":{"type":"branch","line":1,"loc":{"start":{"line":1,"column":0},"end":{"line":3,"column":1}},"locations":[{"start":{"line":1,"column":0},"end":{"line":3,"column":1}}]},"1":{"type":"branch","line":2,"loc":{"start":{"line":2,"column":22},"end":{"line":2,"column":32}},"locations":[{"start":{"line":2,"column":22},"end":{"line":2,"column":32}}]},"2":{"type":"branch","line":2,"loc":{"start":{"line":2,"column":22},"end":{"line":2,"column":41}},"locations":[{"start":{"line":2,"column":22},"end":{"line":2,"column":41}}]}},"b":{"0":[2],"1":[1],"2":[1]},"fnMap":{"0":{"name":"sayHello","decl":{"start":{"line":1,"column":0},"end":{"line":3,"column":1}},"loc":{"start":{"line":1,"column":0},"end":{"line":3,"column":1}},"line":1}},"f":{"0":2}}
}
